make all --print-data-base --no-builtin-variables --no-builtin-rules --question
# GNU Make 4.2.1
# Built for x86_64-pc-linux-gnu
# Copyright (C) 1988-2016 Free Software Foundation, Inc.
# License GPLv3+: GNU GPL version 3 or later <http://gnu.org/licenses/gpl.html>
# This is free software: you are free to change and redistribute it.
# There is NO WARRANTY, to the extent permitted by law.
 

# Make data base, printed on Wed Jul  6 18:02:19 2022

# Variables

# automatic
<D = $(patsubst %/,%,$(dir $<))
# automatic
?F = $(notdir $?)
# environment
DESKTOP_SESSION = ubuntu
# default
.SHELLFLAGS := -c
# makefile (from 'Makefile', line 16)
OBJ = $(SRC:.c=.o)
# environment
XDG_SESSION_CLASS = user
# makefile (from 'Makefile', line 7)
SRC = main.c push_swap.c parsing.c list.c operation_swap_push.c operation_rotate_reverse.c sort.c other/print.c
# environment
XDG_SESSION_TYPE = x11
# environment
VSCODE_LOG_NATIVE = false
# automatic
?D = $(patsubst %/,%,$(dir $?))
# automatic
@D = $(patsubst %/,%,$(dir $@))
# environment
XAUTHORITY = /mnt/nfs/homes/ilandols/.Xauthority
# environment
GDMSESSION = ubuntu
# environment
XMODIFIERS = @im=ibus
# makefile
CURDIR := /mnt/nfs/homes/ilandols/42/repo_perso/push_swap
# makefile
SHELL = /bin/sh
# environment
VSCODE_NLS_CONFIG = {"locale":"en-us","availableLanguages":{},"_languagePackSupport":true}
# environment
_ = /usr/share/code/code
# makefile (from 'Makefile', line 4)
CFLAGS = -Wall -Wextra -Werror
# environment
JOURNAL_STREAM = 9:726134
# environment
XDG_CONFIG_DIRS = /etc/xdg/xdg-ubuntu:/etc/xdg
# makefile (from 'Makefile', line 1)
MAKEFILE_LIST :=  Makefile
# automatic
@F = $(notdir $@)
# environment
GIO_LAUNCHED_DESKTOP_FILE = /usr/share/applications/code.desktop
# 'override' directive
GNUMAKEFLAGS := 
# environment
MANDATORY_PATH = /usr/share/gconf/ubuntu.mandatory.path
# environment
XDG_DATA_DIRS = /usr/share/gnome:/usr/share/ubuntu:/mnt/nfs/homes/ilandols/.local/share/flatpak/exports/share:/var/lib/flatpak/exports/share:/usr/local/share:/usr/share:/var/lib/snapd/desktop
# environment
DBUS_SESSION_BUS_ADDRESS = unix:path=/run/user/101934/bus
# environment
VSCODE_VERBOSE_LOGGING = true
# environment
MANAGERPID = 123510
# environment
VSCODE_IPC_HOOK_EXTHOST = /run/user/101934/vscode-ipc-948cff5f-80e3-457d-afa6-c862eaca8c5b.sock
# environment
VSCODE_CWD = /mnt/nfs/homes/ilandols
# environment
XDG_SESSION_PATH = /org/freedesktop/DisplayManager/Session3
# environment
KRB5CCNAME = FILE:/tmp/krb5cc_101934_3Aj0nl
# default
MAKE_HOST := x86_64-pc-linux-gnu
# environment
PATH = /mnt/nfs/homes/ilandols/bin:/usr/local/sbin:/usr/local/bin:/usr/sbin:/usr/bin:/sbin:/bin:/usr/games:/usr/local/games:/snap/bin
# environment
GPG_AGENT_INFO = /run/user/101934/gnupg/S.gpg-agent:0:1
# environment
LSCOLORS = Gxfxcxdxbxegedabagacad
# environment
SESSION_MANAGER = local/e1r11p9.42.fr:@/tmp/.ICE-unix/123931,unix/e1r11p9.42.fr:/tmp/.ICE-unix/123931
# environment
XDG_RUNTIME_DIR = /run/user/101934
# environment
XDG_MENU_PREFIX = gnome-
# environment
VSCODE_LOG_STACK = false
# environment
ELECTRON_RUN_AS_NODE = 1
# environment
INVOCATION_ID = bc540703e0c9415bbadefbe1c23865e0
# default
.FEATURES := target-specific order-only second-expansion else-if shortest-stem undefine oneshell archives jobserver output-sync check-symlink load
# environment
XDG_GREETER_DATA_DIR = /var/lib/lightdm-data/ilandols
# environment
LS_COLORS = 
# environment
XDG_SESSION_DESKTOP = ubuntu
# environment
SSH_AUTH_SOCK = /run/user/101934/keyring/ssh
# environment
GIO_LAUNCHED_DESKTOP_FILE_PID = 125476
# automatic
%F = $(notdir $%)
# environment
DISPLAY = :0
# environment
VSCODE_PIPE_LOGGING = true
# environment
PWD = /mnt/nfs/homes/ilandols/42/repo_perso/push_swap
# default
.LOADED := 
# environment
SSH_AGENT_PID = 123891
# environment
ORIGINAL_XDG_CURRENT_DESKTOP = ubuntu:GNOME
# environment
GTK_MODULES = gail:atk-bridge
# environment
VSCODE_AMD_ENTRYPOINT = vs/workbench/api/node/extensionHostProcess
# environment
HOME = /mnt/nfs/homes/ilandols
# environment
VSCODE_CODE_CACHE_PATH = /mnt/nfs/homes/ilandols/.config/Code/CachedData/30d9c6cd9483b2cc586687151bcbcd635f373630
# environment
LOGNAME = ilandols
# environment
APPLICATION_INSIGHTS_NO_DIAGNOSTIC_CHANNEL = 1
# environment
ZSH = /mnt/nfs/homes/ilandols/.oh-my-zsh
# environment
VSCODE_HANDLES_UNCAUGHT_ERRORS = true
# environment
GNOME_DESKTOP_SESSION_ID = this-is-deprecated
# automatic
^D = $(patsubst %/,%,$(dir $^))
# environment
MAKELEVEL := 0
# default
MAKE = $(MAKE_COMMAND)
# default
MAKECMDGOALS := all
# environment
QT_IM_MODULE = ibus
# environment
SHLVL = 1
# makefile (from 'Makefile', line 3)
CC = gcc
# environment
IM_CONFIG_PHASE = 1
# default
MAKE_VERSION := 4.2.1
# environment
USER = ilandols
# makefile
.DEFAULT_GOAL := all
# environment
XDG_CURRENT_DESKTOP = Unity
# environment
LIBVIRT_DEFAULT_URI = qemu:///system
# makefile (from 'Makefile', line 6)
SRCPATH = src/
# environment
LESS = -R
# automatic
%D = $(patsubst %/,%,$(dir $%))
# default
MAKE_COMMAND := make
# environment
OLDPWD = /mnt/nfs/homes/ilandols
# default
.VARIABLES := 
# automatic
*F = $(notdir $*)
# environment
XDG_SEAT_PATH = /org/freedesktop/DisplayManager/Seat0
# environment
VSCODE_IPC_HOOK = /run/user/101934/vscode-245e1149-1.68.1-main.sock
# makefile
MAKEFLAGS = pqrR
# environment
MFLAGS = -pqrR
# automatic
*D = $(patsubst %/,%,$(dir $*))
# automatic
+D = $(patsubst %/,%,$(dir $+))
# environment
GDK_BACKEND = x11
# automatic
+F = $(notdir $+)
# environment
QT_ACCESSIBILITY = 1
# environment
DEFAULTS_PATH = /usr/share/gconf/ubuntu.default.path
# default
MAKEFILES := 
# automatic
<F = $(notdir $<)
# environment
PAGER = less
# environment
LC_ALL = C
# environment
GJS_DEBUG_TOPICS = JS ERROR;JS LOG
# automatic
^F = $(notdir $^)
# default
SUFFIXES := 
# environment
CHROME_DESKTOP = code-url-handler.desktop
# default
.INCLUDE_DIRS = /usr/include /usr/local/include /usr/include
# environment
GJS_DEBUG_OUTPUT = stderr
# makefile (from 'Makefile', line 1)
NAME = push_swap
# default
.RECIPEPREFIX := 
# environment
LANG = C
# environment
DOCKER_HOST = unix:///run/user/101934/docker.sock
# environment
VSCODE_PID = 125476
# variable set hash-table stats:
# Load=111/1024=11%, Rehash=0, Collisions=17/141=12%

# Pattern-specific Variable Values

# No pattern-specific variable values.

# Directories

# . (device 60, inode 2261688): 18 files, no impossibilities.
# other/src (device 0, inode 0): No files, 1 impossibilities.
# src (device 60, inode 16614503): 9 files, no impossibilities so far.

# 27 files, 1 impossibilities in 3 directories.

# Implicit Rules

%.o: src/%.c
#  recipe to execute (from 'Makefile', line 27):
	@$(CC) -c $^

# 1 implicit rules, 0 (0.0%) terminal.

# Files

all: push_swap
#  Phony target (prerequisite of .PHONY).
#  Command line target.
#  Implicit rule search has not been done.
#  File does not exist.
#  File has been updated.
#  Successfully updated.

.PHONY: all clean fclean re
#  Implicit rule search has not been done.
#  Modification time never checked.
#  File has not been updated.

operation_rotate_reverse.o: src/operation_rotate_reverse.c
#  Implicit rule search has been done.
#  Implicit/static pattern stem: 'operation_rotate_reverse'
#  Last modified 2022-07-06 18:00:53.103857786
#  File has been updated.
#  Successfully updated.
#  recipe to execute (from 'Makefile', line 27):
	@$(CC) -c $^

# Not a target:
src/operation_swap_push.c:
#  Implicit rule search has been done.
#  Last modified 2022-07-06 17:11:14.834296572
#  File has been updated.
#  Successfully updated.
 

# Not a target:
Makefile:
#  Implicit rule search has been done.
#  Last modified 2022-07-06 18:02:15.764760252
#  File has been updated.
#  Successfully updated.

sort.o: src/sort.c
#  Implicit rule search has been done.
#  Implicit/static pattern stem: 'sort'
#  Last modified 2022-07-06 18:02:16.289759632
#  File has been updated.
#  Successfully updated.
#  recipe to execute (from 'Makefile', line 27):
	@$(CC) -c $^

# Not a target:
src/sort.c:
#  Implicit rule search has been done.
#  Last modified 2022-07-06 18:01:56.558782914
#  File has been updated.
#  Successfully updated.

# Not a target:
src/list.c:
#  Implicit rule search has been done.
#  Last modified 2022-07-06 17:10:36.011344517
#  File has been updated.
#  Successfully updated.

# Not a target:
src/push_swap.c:
#  Implicit rule search has been done.
#  Last modified 2022-07-06 17:12:29.773203965
#  File has been updated.
#  Successfully updated.

fclean: clean
#  Phony target (prerequisite of .PHONY).
#  Implicit rule search has not been done.
#  File does not exist.
#  File has not been updated.
#  recipe to execute (from 'Makefile', line 36):
	@echo "\033[35mCleaning Push_Swap...\033[0m"
	@rm -f $(NAME)
	@echo "\033[32mDone\033[0m"

# Not a target:
src/main.c:
#  Implicit rule search has been done.
#  Last modified 2022-07-06 15:58:56.15069004
#  File has been updated.
#  Successfully updated.

operation_swap_push.o: src/operation_swap_push.c
#  Implicit rule search has been done.
#  Implicit/static pattern stem: 'operation_swap_push'
#  Last modified 2022-07-06 18:00:53.056857842
#  File has been updated.
#  Successfully updated.
#  recipe to execute (from 'Makefile', line 27):
	@$(CC) -c $^

# Not a target:
src/parsing.c:
#  Implicit rule search has been done.
#  Last modified 2022-07-06 13:39:09.180168021
#  File has been updated.
#  Successfully updated.

# Not a target:
.DEFAULT:
#  Implicit rule search has not been done.
#  Modification time never checked.
#  File has not been updated.

re: fclean all
#  Phony target (prerequisite of .PHONY).
#  Implicit rule search has not been done.
#  File does not exist.
#  File has not been updated.

clean:
#  Phony target (prerequisite of .PHONY).
#  Implicit rule search has not been done.
#  File does not exist.
#  File has not been updated.
#  recipe to execute (from 'Makefile', line 30):
	@$(MAKE) --no-print-directory fclean -C libft
	@echo "\033[35mCleaning Push_Swap's objects...\033[0m"
	@rm -f $(OBJ)
	@echo "\033[32mDone\033[0m"

# Not a target:
other/print.o:
#  Implicit rule search has been done.
#  Last modified 2022-07-06 18:00:53.180857696
#  File has been updated.
#  Successfully updated.

push_swap.o: src/push_swap.c
#  Implicit rule search has been done.
#  Implicit/static pattern stem: 'push_swap'
#  Last modified 2022-07-06 18:00:52.922858
#  File has been updated.
#  Successfully updated.
#  recipe to execute (from 'Makefile', line 27):
	@$(CC) -c $^

push_swap: main.o push_swap.o parsing.o list.o operation_swap_push.o operation_rotate_reverse.o sort.o other/print.o
#  Implicit rule search has not been done.
#  Last modified 2022-07-06 18:02:16.352759558
#  File has been updated.
#  Successfully updated.
#  recipe to execute (from 'Makefile', line 21):
	@$(MAKE) --no-print-directory -C libft
	@echo "\033[36mMaking Push Swap\033[0m"
	@$(CC) $(OBJ) -L libft/. -lft -o $(NAME)
	@echo "\033[32mDone\033[0m"

list.o: src/list.c
#  Implicit rule search has been done.
#  Implicit/static pattern stem: 'list'
#  Last modified 2022-07-06 18:00:53.012857894
#  File has been updated.
#  Successfully updated.
#  recipe to execute (from 'Makefile', line 27):
	@$(CC) -c $^

main.o: src/main.c
#  Implicit rule search has been done.
#  Implicit/static pattern stem: 'main'
#  Last modified 2022-07-06 18:00:52.860858073
#  File has been updated.
#  Successfully updated.
#  recipe to execute (from 'Makefile', line 27):
	@$(CC) -c $^

# Not a target:
src/operation_rotate_reverse.c:
#  Implicit rule search has been done.
#  Last modified 2022-07-06 17:10:49.767327519
#  File has been updated.
#  Successfully updated.

parsing.o: src/parsing.c
#  Implicit rule search has been done.
#  Implicit/static pattern stem: 'parsing'
#  Last modified 2022-07-06 18:00:52.970857943
#  File has been updated.
#  Successfully updated.
#  recipe to execute (from 'Makefile', line 27):
	@$(CC) -c $^

# files hash-table stats:
# Load=24/1024=2%, Rehash=0, Collisions=0/75=0%
# VPATH Search Paths

# No 'vpath' search paths.

# No general ('VPATH' variable) search path.

# strcache buffers: 1 (0) / strings = 53 / storage = 588 B / avg = 11 B
# current buf: size = 8162 B / used = 588 B / count = 53 / avg = 11 B

# strcache performance: lookups = 92 / hit rate = 42%
# hash-table stats:
# Load=53/8192=1%, Rehash=0, Collisions=2/92=2%
# Finished Make data base on Wed Jul  6 18:02:19 2022

 
